#! /usr/bin/env bash
exec /home/daniel/miniconda3/envs/digital/bin/vvp -f "$0" "$@" <<'# EOF'
:ivl_version "13.0 (devel)" "(0_8-6859-gf50cc35d2-dirty)";
:ivl_delay_selection "TYPICAL";
:vpi_time_precision + 0;
:vpi_module "/home/daniel/miniconda3/envs/digital/lib/ivl/system.vpi";
:vpi_module "/home/daniel/miniconda3/envs/digital/lib/ivl/vhdl_sys.vpi";
:vpi_module "/home/daniel/miniconda3/envs/digital/lib/ivl/vhdl_textio.vpi";
:vpi_module "/home/daniel/miniconda3/envs/digital/lib/ivl/v2005_math.vpi";
:vpi_module "/home/daniel/miniconda3/envs/digital/lib/ivl/va_math.vpi";
S_0x1d4df140 .scope module, "four_adder" "four_adder" 2 1;
 .timescale 0 0;
    .port_info 0 /INPUT 4 "a";
    .port_info 1 /INPUT 4 "b";
    .port_info 2 /INPUT 1 "cin";
    .port_info 3 /OUTPUT 4 "sum";
    .port_info 4 /OUTPUT 1 "carry";
o0x7e0e6bd6e138 .functor BUFZ 1, C4<z>; HiZ drive
L_0x1d538370 .functor XOR 1, L_0x1d5384a0, o0x7e0e6bd6e138, C4<0>, C4<0>;
L_0x1d538590 .functor XOR 1, L_0x1d538670, o0x7e0e6bd6e138, C4<0>, C4<0>;
L_0x1d5387b0 .functor XOR 1, L_0x1d538900, o0x7e0e6bd6e138, C4<0>, C4<0>;
L_0x1d5389a0 .functor XOR 1, L_0x1d538a90, o0x7e0e6bd6e138, C4<0>, C4<0>;
v0x1d537650_0 .net *"_ivl_11", 0 0, L_0x1d538a90;  1 drivers
v0x1d537750_0 .net *"_ivl_2", 0 0, L_0x1d5384a0;  1 drivers
v0x1d537830_0 .net *"_ivl_5", 0 0, L_0x1d538670;  1 drivers
v0x1d5378f0_0 .net *"_ivl_8", 0 0, L_0x1d538900;  1 drivers
o0x7e0e6bd6ea08 .functor BUFZ 4, C4<zzzz>; HiZ drive
v0x1d5379d0_0 .net "a", 3 0, o0x7e0e6bd6ea08;  0 drivers
o0x7e0e6bd6ea38 .functor BUFZ 4, C4<zzzz>; HiZ drive
v0x1d537b00_0 .net "b", 3 0, o0x7e0e6bd6ea38;  0 drivers
v0x1d537be0_0 .net "carry", 0 0, L_0x1d539de0;  1 drivers
v0x1d537c80_0 .net "carry0", 0 0, L_0x1d538f10;  1 drivers
v0x1d537d70_0 .net "carry1", 0 0, L_0x1d5393d0;  1 drivers
v0x1d537e10_0 .net "carry2", 0 0, L_0x1d539920;  1 drivers
v0x1d537f00_0 .net "cin", 0 0, o0x7e0e6bd6e138;  0 drivers
v0x1d537fa0_0 .net "in0", 0 0, L_0x1d538370;  1 drivers
v0x1d538040_0 .net "in1", 0 0, L_0x1d538590;  1 drivers
v0x1d5380e0_0 .net "in2", 0 0, L_0x1d5387b0;  1 drivers
v0x1d5381b0_0 .net "in3", 0 0, L_0x1d5389a0;  1 drivers
v0x1d538280_0 .net "sum", 3 0, L_0x1d53a070;  1 drivers
L_0x1d5384a0 .part o0x7e0e6bd6ea38, 0, 1;
L_0x1d538670 .part o0x7e0e6bd6ea38, 1, 1;
L_0x1d538900 .part o0x7e0e6bd6ea38, 2, 1;
L_0x1d538a90 .part o0x7e0e6bd6ea38, 3, 1;
L_0x1d538fd0 .part o0x7e0e6bd6ea08, 0, 1;
L_0x1d539490 .part o0x7e0e6bd6ea08, 1, 1;
L_0x1d5399e0 .part o0x7e0e6bd6ea08, 2, 1;
L_0x1d539ef0 .part o0x7e0e6bd6ea08, 3, 1;
L_0x1d53a070 .concat8 [ 1 1 1 1], L_0x1d538cb0, L_0x1d5390e0, L_0x1d539630, L_0x1d539af0;
S_0x1d4df380 .scope module, "ad0" "adder" 2 20, 3 1 0, S_0x1d4df140;
 .timescale 0 0;
    .port_info 0 /INPUT 1 "a";
    .port_info 1 /INPUT 1 "b";
    .port_info 2 /INPUT 1 "cin";
    .port_info 3 /OUTPUT 1 "sum";
    .port_info 4 /OUTPUT 1 "carry";
L_0x1d538c40 .functor XOR 1, L_0x1d538fd0, L_0x1d538370, C4<0>, C4<0>;
L_0x1d538cb0 .functor XOR 1, L_0x1d538c40, o0x7e0e6bd6e138, C4<0>, C4<0>;
L_0x1d538d20 .functor AND 1, L_0x1d538fd0, L_0x1d538370, C4<1>, C4<1>;
L_0x1d538e70 .functor AND 1, o0x7e0e6bd6e138, L_0x1d538c40, C4<1>, C4<1>;
L_0x1d538f10 .functor OR 1, L_0x1d538d20, L_0x1d538e70, C4<0>, C4<0>;
v0x1d50eb40_0 .net "a", 0 0, L_0x1d538fd0;  1 drivers
v0x1d50dcc0_0 .net "ab_xor", 0 0, L_0x1d538c40;  1 drivers
v0x1d50ce40_0 .net "and1", 0 0, L_0x1d538d20;  1 drivers
v0x1d50bf90_0 .net "and2", 0 0, L_0x1d538e70;  1 drivers
v0x1d5357c0_0 .net "b", 0 0, L_0x1d538370;  alias, 1 drivers
v0x1d535880_0 .net "carry", 0 0, L_0x1d538f10;  alias, 1 drivers
v0x1d535940_0 .net "cin", 0 0, o0x7e0e6bd6e138;  alias, 0 drivers
v0x1d535a00_0 .net "sum", 0 0, L_0x1d538cb0;  1 drivers
S_0x1d535b60 .scope module, "ad1" "adder" 2 28, 3 1 0, S_0x1d4df140;
 .timescale 0 0;
    .port_info 0 /INPUT 1 "a";
    .port_info 1 /INPUT 1 "b";
    .port_info 2 /INPUT 1 "cin";
    .port_info 3 /OUTPUT 1 "sum";
    .port_info 4 /OUTPUT 1 "carry";
L_0x1d539070 .functor XOR 1, L_0x1d539490, L_0x1d538590, C4<0>, C4<0>;
L_0x1d5390e0 .functor XOR 1, L_0x1d539070, L_0x1d538f10, C4<0>, C4<0>;
L_0x1d539230 .functor AND 1, L_0x1d539490, L_0x1d538590, C4<1>, C4<1>;
L_0x1d539330 .functor AND 1, L_0x1d538f10, L_0x1d539070, C4<1>, C4<1>;
L_0x1d5393d0 .functor OR 1, L_0x1d539230, L_0x1d539330, C4<0>, C4<0>;
v0x1d535dc0_0 .net "a", 0 0, L_0x1d539490;  1 drivers
v0x1d535e80_0 .net "ab_xor", 0 0, L_0x1d539070;  1 drivers
v0x1d535f40_0 .net "and1", 0 0, L_0x1d539230;  1 drivers
v0x1d535fe0_0 .net "and2", 0 0, L_0x1d539330;  1 drivers
v0x1d5360a0_0 .net "b", 0 0, L_0x1d538590;  alias, 1 drivers
v0x1d536160_0 .net "carry", 0 0, L_0x1d5393d0;  alias, 1 drivers
v0x1d536220_0 .net "cin", 0 0, L_0x1d538f10;  alias, 1 drivers
v0x1d5362c0_0 .net "sum", 0 0, L_0x1d5390e0;  1 drivers
S_0x1d536400 .scope module, "ad2" "adder" 2 36, 3 1 0, S_0x1d4df140;
 .timescale 0 0;
    .port_info 0 /INPUT 1 "a";
    .port_info 1 /INPUT 1 "b";
    .port_info 2 /INPUT 1 "cin";
    .port_info 3 /OUTPUT 1 "sum";
    .port_info 4 /OUTPUT 1 "carry";
L_0x1d5395c0 .functor XOR 1, L_0x1d5399e0, L_0x1d5387b0, C4<0>, C4<0>;
L_0x1d539630 .functor XOR 1, L_0x1d5395c0, L_0x1d5393d0, C4<0>, C4<0>;
L_0x1d539780 .functor AND 1, L_0x1d5399e0, L_0x1d5387b0, C4<1>, C4<1>;
L_0x1d539880 .functor AND 1, L_0x1d5393d0, L_0x1d5395c0, C4<1>, C4<1>;
L_0x1d539920 .functor OR 1, L_0x1d539780, L_0x1d539880, C4<0>, C4<0>;
v0x1d536640_0 .net "a", 0 0, L_0x1d5399e0;  1 drivers
v0x1d536700_0 .net "ab_xor", 0 0, L_0x1d5395c0;  1 drivers
v0x1d5367c0_0 .net "and1", 0 0, L_0x1d539780;  1 drivers
v0x1d536860_0 .net "and2", 0 0, L_0x1d539880;  1 drivers
v0x1d536920_0 .net "b", 0 0, L_0x1d5387b0;  alias, 1 drivers
v0x1d5369e0_0 .net "carry", 0 0, L_0x1d539920;  alias, 1 drivers
v0x1d536aa0_0 .net "cin", 0 0, L_0x1d5393d0;  alias, 1 drivers
v0x1d536b40_0 .net "sum", 0 0, L_0x1d539630;  1 drivers
S_0x1d536cb0 .scope module, "ad3" "adder" 2 44, 3 1 0, S_0x1d4df140;
 .timescale 0 0;
    .port_info 0 /INPUT 1 "a";
    .port_info 1 /INPUT 1 "b";
    .port_info 2 /INPUT 1 "cin";
    .port_info 3 /OUTPUT 1 "sum";
    .port_info 4 /OUTPUT 1 "carry";
L_0x1d539a80 .functor XOR 1, L_0x1d539ef0, L_0x1d5389a0, C4<0>, C4<0>;
L_0x1d539af0 .functor XOR 1, L_0x1d539a80, L_0x1d539920, C4<0>, C4<0>;
L_0x1d539c40 .functor AND 1, L_0x1d539ef0, L_0x1d5389a0, C4<1>, C4<1>;
L_0x1d539d40 .functor AND 1, L_0x1d539920, L_0x1d539a80, C4<1>, C4<1>;
L_0x1d539de0 .functor OR 1, L_0x1d539c40, L_0x1d539d40, C4<0>, C4<0>;
v0x1d536f40_0 .net "a", 0 0, L_0x1d539ef0;  1 drivers
v0x1d537020_0 .net "ab_xor", 0 0, L_0x1d539a80;  1 drivers
v0x1d5370e0_0 .net "and1", 0 0, L_0x1d539c40;  1 drivers
v0x1d5371b0_0 .net "and2", 0 0, L_0x1d539d40;  1 drivers
v0x1d537270_0 .net "b", 0 0, L_0x1d5389a0;  alias, 1 drivers
v0x1d537380_0 .net "carry", 0 0, L_0x1d539de0;  alias, 1 drivers
v0x1d537440_0 .net "cin", 0 0, L_0x1d539920;  alias, 1 drivers
v0x1d5374e0_0 .net "sum", 0 0, L_0x1d539af0;  1 drivers
# The file index is used to find the file name in the following table.
:file_names 4;
    "N/A";
    "<interactive>";
    "four_adder.v";
    "adder.v";
# EOF
